2019-03-22 11:34:34,656 - Log4JLogChute initialized using file 'velocity.log'
2019-03-22 11:34:34,657 - Initializing Velocity, Calling init()...
2019-03-22 11:34:34,657 - Starting Apache Velocity v1.7 (compiled: 2010-11-19 12:14:37)
2019-03-22 11:34:34,657 - Default Properties File: org\apache\velocity\runtime\defaults\velocity.properties
2019-03-22 11:34:34,657 - Trying to use logger class org.apache.velocity.runtime.log.AvalonLogChute
2019-03-22 11:34:34,657 - Target log system for org.apache.velocity.runtime.log.AvalonLogChute is not available (java.lang.NoClassDefFoundError: org/apache/log/format/Formatter).  Falling back to next log system...
2019-03-22 11:34:34,657 - Trying to use logger class org.apache.velocity.runtime.log.Log4JLogChute
2019-03-22 11:34:34,657 - Using logger class org.apache.velocity.runtime.log.Log4JLogChute
2019-03-22 11:34:34,659 - ResourceLoader instantiated: org.apache.velocity.runtime.resource.loader.ClasspathResourceLoader
2019-03-22 11:34:34,670 - ResourceCache: initialized (class org.apache.velocity.runtime.resource.ResourceCacheImpl) with class java.util.Collections$SynchronizedMap cache map.
2019-03-22 11:34:34,671 - Loaded System Directive: org.apache.velocity.runtime.directive.Stop
2019-03-22 11:34:34,672 - Loaded System Directive: org.apache.velocity.runtime.directive.Define
2019-03-22 11:34:34,672 - Loaded System Directive: org.apache.velocity.runtime.directive.Break
2019-03-22 11:34:34,672 - Loaded System Directive: org.apache.velocity.runtime.directive.Evaluate
2019-03-22 11:34:34,673 - Loaded System Directive: org.apache.velocity.runtime.directive.Literal
2019-03-22 11:34:34,674 - Loaded System Directive: org.apache.velocity.runtime.directive.Macro
2019-03-22 11:34:34,675 - Loaded System Directive: org.apache.velocity.runtime.directive.Parse
2019-03-22 11:34:34,675 - Loaded System Directive: org.apache.velocity.runtime.directive.Include
2019-03-22 11:34:34,676 - Loaded System Directive: org.apache.velocity.runtime.directive.Foreach
2019-03-22 11:34:34,695 - Created '20' parsers.
2019-03-22 11:34:34,699 - Velocimacro : "velocimacro.library" is not set.  Trying default library: VM_global_library.vm
2019-03-22 11:34:34,700 - Could not load resource 'VM_global_library.vm' from ResourceLoader org.apache.velocity.runtime.resource.loader.ClasspathResourceLoader: ClasspathResourceLoader Error: cannot find resource VM_global_library.vm
2019-03-22 11:34:34,700 - Velocimacro : Default library not found.
2019-03-22 11:34:34,700 - Velocimacro : allowInline = true : VMs can be defined inline in templates
2019-03-22 11:34:34,700 - Velocimacro : allowInlineToOverride = false : VMs defined inline may NOT replace previous VM definitions
2019-03-22 11:34:34,700 - Velocimacro : allowInlineLocal = false : VMs defined inline will be global in scope if allowed.
2019-03-22 11:34:34,700 - Velocimacro : autoload off : VM system will not automatically reload global library macros
2019-03-22 11:34:34,714 - ResourceManager : found /templates/mapper.xml.vm with loader org.apache.velocity.runtime.resource.loader.ClasspathResourceLoader
2019-03-22 11:34:34,733 - ResourceManager : found /templates/entity.java.vm with loader org.apache.velocity.runtime.resource.loader.ClasspathResourceLoader
2019-03-22 11:34:34,734 - Left side (${versionFieldName}) of '==' operation has null value. If it is a reference, it may not be in the context or its toString() returned null. /templates/entity.java.vm[line 74, column 26]
2019-03-22 11:34:34,734 - Left side (${logicDeleteFieldName}) of '==' operation has null value. If it is a reference, it may not be in the context or its toString() returned null. /templates/entity.java.vm[line 78, column 30]
2019-03-22 11:34:34,734 - Left side (${versionFieldName}) of '==' operation has null value. If it is a reference, it may not be in the context or its toString() returned null. /templates/entity.java.vm[line 74, column 26]
2019-03-22 11:34:34,734 - Left side (${logicDeleteFieldName}) of '==' operation has null value. If it is a reference, it may not be in the context or its toString() returned null. /templates/entity.java.vm[line 78, column 30]
2019-03-22 11:34:34,735 - Left side (${versionFieldName}) of '==' operation has null value. If it is a reference, it may not be in the context or its toString() returned null. /templates/entity.java.vm[line 74, column 26]
2019-03-22 11:34:34,735 - Left side (${logicDeleteFieldName}) of '==' operation has null value. If it is a reference, it may not be in the context or its toString() returned null. /templates/entity.java.vm[line 78, column 30]
2019-03-22 11:34:34,735 - Left side (${versionFieldName}) of '==' operation has null value. If it is a reference, it may not be in the context or its toString() returned null. /templates/entity.java.vm[line 74, column 26]
2019-03-22 11:34:34,735 - Left side (${logicDeleteFieldName}) of '==' operation has null value. If it is a reference, it may not be in the context or its toString() returned null. /templates/entity.java.vm[line 78, column 30]
2019-03-22 11:34:34,735 - Left side (${versionFieldName}) of '==' operation has null value. If it is a reference, it may not be in the context or its toString() returned null. /templates/entity.java.vm[line 74, column 26]
2019-03-22 11:34:34,735 - Left side (${logicDeleteFieldName}) of '==' operation has null value. If it is a reference, it may not be in the context or its toString() returned null. /templates/entity.java.vm[line 78, column 30]
2019-03-22 11:34:34,735 - Left side (${versionFieldName}) of '==' operation has null value. If it is a reference, it may not be in the context or its toString() returned null. /templates/entity.java.vm[line 74, column 26]
2019-03-22 11:34:34,735 - Left side (${logicDeleteFieldName}) of '==' operation has null value. If it is a reference, it may not be in the context or its toString() returned null. /templates/entity.java.vm[line 78, column 30]
2019-03-22 11:34:34,735 - Left side (${versionFieldName}) of '==' operation has null value. If it is a reference, it may not be in the context or its toString() returned null. /templates/entity.java.vm[line 74, column 26]
2019-03-22 11:34:34,735 - Left side (${logicDeleteFieldName}) of '==' operation has null value. If it is a reference, it may not be in the context or its toString() returned null. /templates/entity.java.vm[line 78, column 30]
2019-03-22 11:34:34,736 - Left side (${versionFieldName}) of '==' operation has null value. If it is a reference, it may not be in the context or its toString() returned null. /templates/entity.java.vm[line 74, column 26]
2019-03-22 11:34:34,736 - Left side (${logicDeleteFieldName}) of '==' operation has null value. If it is a reference, it may not be in the context or its toString() returned null. /templates/entity.java.vm[line 78, column 30]
2019-03-22 11:34:34,736 - Left side (${versionFieldName}) of '==' operation has null value. If it is a reference, it may not be in the context or its toString() returned null. /templates/entity.java.vm[line 74, column 26]
2019-03-22 11:34:34,736 - Left side (${logicDeleteFieldName}) of '==' operation has null value. If it is a reference, it may not be in the context or its toString() returned null. /templates/entity.java.vm[line 78, column 30]
2019-03-22 11:34:34,736 - Left side (${versionFieldName}) of '==' operation has null value. If it is a reference, it may not be in the context or its toString() returned null. /templates/entity.java.vm[line 74, column 26]
2019-03-22 11:34:34,736 - Left side (${logicDeleteFieldName}) of '==' operation has null value. If it is a reference, it may not be in the context or its toString() returned null. /templates/entity.java.vm[line 78, column 30]
2019-03-22 11:34:34,742 - ResourceManager : found /templates/mapper.java.vm with loader org.apache.velocity.runtime.resource.loader.ClasspathResourceLoader
2019-03-22 11:34:34,745 - ResourceManager : found /templates/service.java.vm with loader org.apache.velocity.runtime.resource.loader.ClasspathResourceLoader
2019-03-22 11:34:34,747 - ResourceManager : found /templates/serviceImpl.java.vm with loader org.apache.velocity.runtime.resource.loader.ClasspathResourceLoader
2019-03-22 11:34:34,749 - ResourceManager : found /templates/controller.java.vm with loader org.apache.velocity.runtime.resource.loader.ClasspathResourceLoader
2019-03-22 11:37:59,342 - Log4JLogChute initialized using file 'velocity.log'
2019-03-22 11:37:59,342 - Initializing Velocity, Calling init()...
2019-03-22 11:37:59,342 - Starting Apache Velocity v1.7 (compiled: 2010-11-19 12:14:37)
2019-03-22 11:37:59,342 - Default Properties File: org\apache\velocity\runtime\defaults\velocity.properties
2019-03-22 11:37:59,342 - Trying to use logger class org.apache.velocity.runtime.log.AvalonLogChute
2019-03-22 11:37:59,342 - Target log system for org.apache.velocity.runtime.log.AvalonLogChute is not available (java.lang.NoClassDefFoundError: org/apache/log/format/Formatter).  Falling back to next log system...
2019-03-22 11:37:59,342 - Trying to use logger class org.apache.velocity.runtime.log.Log4JLogChute
2019-03-22 11:37:59,342 - Using logger class org.apache.velocity.runtime.log.Log4JLogChute
2019-03-22 11:37:59,345 - ResourceLoader instantiated: org.apache.velocity.runtime.resource.loader.ClasspathResourceLoader
2019-03-22 11:37:59,357 - ResourceCache: initialized (class org.apache.velocity.runtime.resource.ResourceCacheImpl) with class java.util.Collections$SynchronizedMap cache map.
2019-03-22 11:37:59,358 - Loaded System Directive: org.apache.velocity.runtime.directive.Stop
2019-03-22 11:37:59,359 - Loaded System Directive: org.apache.velocity.runtime.directive.Define
2019-03-22 11:37:59,360 - Loaded System Directive: org.apache.velocity.runtime.directive.Break
2019-03-22 11:37:59,360 - Loaded System Directive: org.apache.velocity.runtime.directive.Evaluate
2019-03-22 11:37:59,361 - Loaded System Directive: org.apache.velocity.runtime.directive.Literal
2019-03-22 11:37:59,362 - Loaded System Directive: org.apache.velocity.runtime.directive.Macro
2019-03-22 11:37:59,362 - Loaded System Directive: org.apache.velocity.runtime.directive.Parse
2019-03-22 11:37:59,363 - Loaded System Directive: org.apache.velocity.runtime.directive.Include
2019-03-22 11:37:59,364 - Loaded System Directive: org.apache.velocity.runtime.directive.Foreach
2019-03-22 11:37:59,383 - Created '20' parsers.
2019-03-22 11:37:59,387 - Velocimacro : "velocimacro.library" is not set.  Trying default library: VM_global_library.vm
2019-03-22 11:37:59,388 - Could not load resource 'VM_global_library.vm' from ResourceLoader org.apache.velocity.runtime.resource.loader.ClasspathResourceLoader: ClasspathResourceLoader Error: cannot find resource VM_global_library.vm
2019-03-22 11:37:59,388 - Velocimacro : Default library not found.
2019-03-22 11:37:59,388 - Velocimacro : allowInline = true : VMs can be defined inline in templates
2019-03-22 11:37:59,388 - Velocimacro : allowInlineToOverride = false : VMs defined inline may NOT replace previous VM definitions
2019-03-22 11:37:59,388 - Velocimacro : allowInlineLocal = false : VMs defined inline will be global in scope if allowed.
2019-03-22 11:37:59,388 - Velocimacro : autoload off : VM system will not automatically reload global library macros
2019-03-22 11:37:59,402 - ResourceManager : found /templates/mapper.xml.vm with loader org.apache.velocity.runtime.resource.loader.ClasspathResourceLoader
2019-03-22 11:37:59,429 - ResourceManager : found /templates/entity.java.vm with loader org.apache.velocity.runtime.resource.loader.ClasspathResourceLoader
2019-03-22 11:37:59,430 - Left side (${versionFieldName}) of '==' operation has null value. If it is a reference, it may not be in the context or its toString() returned null. /templates/entity.java.vm[line 74, column 26]
2019-03-22 11:37:59,430 - Left side (${logicDeleteFieldName}) of '==' operation has null value. If it is a reference, it may not be in the context or its toString() returned null. /templates/entity.java.vm[line 78, column 30]
2019-03-22 11:37:59,430 - Left side (${versionFieldName}) of '==' operation has null value. If it is a reference, it may not be in the context or its toString() returned null. /templates/entity.java.vm[line 74, column 26]
2019-03-22 11:37:59,431 - Left side (${logicDeleteFieldName}) of '==' operation has null value. If it is a reference, it may not be in the context or its toString() returned null. /templates/entity.java.vm[line 78, column 30]
2019-03-22 11:37:59,431 - Left side (${versionFieldName}) of '==' operation has null value. If it is a reference, it may not be in the context or its toString() returned null. /templates/entity.java.vm[line 74, column 26]
2019-03-22 11:37:59,431 - Left side (${logicDeleteFieldName}) of '==' operation has null value. If it is a reference, it may not be in the context or its toString() returned null. /templates/entity.java.vm[line 78, column 30]
2019-03-22 11:37:59,431 - Left side (${versionFieldName}) of '==' operation has null value. If it is a reference, it may not be in the context or its toString() returned null. /templates/entity.java.vm[line 74, column 26]
2019-03-22 11:37:59,431 - Left side (${logicDeleteFieldName}) of '==' operation has null value. If it is a reference, it may not be in the context or its toString() returned null. /templates/entity.java.vm[line 78, column 30]
2019-03-22 11:37:59,431 - Left side (${versionFieldName}) of '==' operation has null value. If it is a reference, it may not be in the context or its toString() returned null. /templates/entity.java.vm[line 74, column 26]
2019-03-22 11:37:59,431 - Left side (${logicDeleteFieldName}) of '==' operation has null value. If it is a reference, it may not be in the context or its toString() returned null. /templates/entity.java.vm[line 78, column 30]
2019-03-22 11:37:59,431 - Left side (${versionFieldName}) of '==' operation has null value. If it is a reference, it may not be in the context or its toString() returned null. /templates/entity.java.vm[line 74, column 26]
2019-03-22 11:37:59,431 - Left side (${logicDeleteFieldName}) of '==' operation has null value. If it is a reference, it may not be in the context or its toString() returned null. /templates/entity.java.vm[line 78, column 30]
2019-03-22 11:37:59,432 - Left side (${versionFieldName}) of '==' operation has null value. If it is a reference, it may not be in the context or its toString() returned null. /templates/entity.java.vm[line 74, column 26]
2019-03-22 11:37:59,432 - Left side (${logicDeleteFieldName}) of '==' operation has null value. If it is a reference, it may not be in the context or its toString() returned null. /templates/entity.java.vm[line 78, column 30]
2019-03-22 11:37:59,432 - Left side (${versionFieldName}) of '==' operation has null value. If it is a reference, it may not be in the context or its toString() returned null. /templates/entity.java.vm[line 74, column 26]
2019-03-22 11:37:59,432 - Left side (${logicDeleteFieldName}) of '==' operation has null value. If it is a reference, it may not be in the context or its toString() returned null. /templates/entity.java.vm[line 78, column 30]
2019-03-22 11:37:59,432 - Left side (${versionFieldName}) of '==' operation has null value. If it is a reference, it may not be in the context or its toString() returned null. /templates/entity.java.vm[line 74, column 26]
2019-03-22 11:37:59,432 - Left side (${logicDeleteFieldName}) of '==' operation has null value. If it is a reference, it may not be in the context or its toString() returned null. /templates/entity.java.vm[line 78, column 30]
2019-03-22 11:37:59,432 - Left side (${versionFieldName}) of '==' operation has null value. If it is a reference, it may not be in the context or its toString() returned null. /templates/entity.java.vm[line 74, column 26]
2019-03-22 11:37:59,432 - Left side (${logicDeleteFieldName}) of '==' operation has null value. If it is a reference, it may not be in the context or its toString() returned null. /templates/entity.java.vm[line 78, column 30]
2019-03-22 11:37:59,439 - ResourceManager : found /templates/mapper.java.vm with loader org.apache.velocity.runtime.resource.loader.ClasspathResourceLoader
2019-03-22 11:37:59,440 - ResourceManager : found /templates/service.java.vm with loader org.apache.velocity.runtime.resource.loader.ClasspathResourceLoader
2019-03-22 11:37:59,442 - ResourceManager : found /templates/serviceImpl.java.vm with loader org.apache.velocity.runtime.resource.loader.ClasspathResourceLoader
2019-03-22 11:37:59,444 - ResourceManager : found /templates/controller.java.vm with loader org.apache.velocity.runtime.resource.loader.ClasspathResourceLoader
2019-03-22 11:44:38,229 - Log4JLogChute initialized using file 'velocity.log'
2019-03-22 11:44:38,229 - Initializing Velocity, Calling init()...
2019-03-22 11:44:38,229 - Starting Apache Velocity v1.7 (compiled: 2010-11-19 12:14:37)
2019-03-22 11:44:38,229 - Default Properties File: org\apache\velocity\runtime\defaults\velocity.properties
2019-03-22 11:44:38,229 - Trying to use logger class org.apache.velocity.runtime.log.AvalonLogChute
2019-03-22 11:44:38,230 - Target log system for org.apache.velocity.runtime.log.AvalonLogChute is not available (java.lang.NoClassDefFoundError: org/apache/log/format/Formatter).  Falling back to next log system...
2019-03-22 11:44:38,230 - Trying to use logger class org.apache.velocity.runtime.log.Log4JLogChute
2019-03-22 11:44:38,230 - Using logger class org.apache.velocity.runtime.log.Log4JLogChute
2019-03-22 11:44:38,232 - ResourceLoader instantiated: org.apache.velocity.runtime.resource.loader.ClasspathResourceLoader
2019-03-22 11:44:38,241 - ResourceCache: initialized (class org.apache.velocity.runtime.resource.ResourceCacheImpl) with class java.util.Collections$SynchronizedMap cache map.
2019-03-22 11:44:38,242 - Loaded System Directive: org.apache.velocity.runtime.directive.Stop
2019-03-22 11:44:38,242 - Loaded System Directive: org.apache.velocity.runtime.directive.Define
2019-03-22 11:44:38,243 - Loaded System Directive: org.apache.velocity.runtime.directive.Break
2019-03-22 11:44:38,243 - Loaded System Directive: org.apache.velocity.runtime.directive.Evaluate
2019-03-22 11:44:38,245 - Loaded System Directive: org.apache.velocity.runtime.directive.Literal
2019-03-22 11:44:38,246 - Loaded System Directive: org.apache.velocity.runtime.directive.Macro
2019-03-22 11:44:38,247 - Loaded System Directive: org.apache.velocity.runtime.directive.Parse
2019-03-22 11:44:38,247 - Loaded System Directive: org.apache.velocity.runtime.directive.Include
2019-03-22 11:44:38,248 - Loaded System Directive: org.apache.velocity.runtime.directive.Foreach
2019-03-22 11:44:38,270 - Created '20' parsers.
2019-03-22 11:44:38,275 - Velocimacro : "velocimacro.library" is not set.  Trying default library: VM_global_library.vm
2019-03-22 11:44:38,276 - Could not load resource 'VM_global_library.vm' from ResourceLoader org.apache.velocity.runtime.resource.loader.ClasspathResourceLoader: ClasspathResourceLoader Error: cannot find resource VM_global_library.vm
2019-03-22 11:44:38,276 - Velocimacro : Default library not found.
2019-03-22 11:44:38,276 - Velocimacro : allowInline = true : VMs can be defined inline in templates
2019-03-22 11:44:38,276 - Velocimacro : allowInlineToOverride = false : VMs defined inline may NOT replace previous VM definitions
2019-03-22 11:44:38,276 - Velocimacro : allowInlineLocal = false : VMs defined inline will be global in scope if allowed.
2019-03-22 11:44:38,276 - Velocimacro : autoload off : VM system will not automatically reload global library macros
2019-03-22 11:44:38,290 - ResourceManager : found /templates/mapper.xml.vm with loader org.apache.velocity.runtime.resource.loader.ClasspathResourceLoader
2019-03-22 11:44:38,308 - ResourceManager : found /templates/entity.java.vm with loader org.apache.velocity.runtime.resource.loader.ClasspathResourceLoader
2019-03-22 11:44:38,310 - Left side (${versionFieldName}) of '==' operation has null value. If it is a reference, it may not be in the context or its toString() returned null. /templates/entity.java.vm[line 74, column 26]
2019-03-22 11:44:38,310 - Left side (${logicDeleteFieldName}) of '==' operation has null value. If it is a reference, it may not be in the context or its toString() returned null. /templates/entity.java.vm[line 78, column 30]
2019-03-22 11:44:38,310 - Left side (${versionFieldName}) of '==' operation has null value. If it is a reference, it may not be in the context or its toString() returned null. /templates/entity.java.vm[line 74, column 26]
2019-03-22 11:44:38,310 - Left side (${logicDeleteFieldName}) of '==' operation has null value. If it is a reference, it may not be in the context or its toString() returned null. /templates/entity.java.vm[line 78, column 30]
2019-03-22 11:44:38,311 - Left side (${versionFieldName}) of '==' operation has null value. If it is a reference, it may not be in the context or its toString() returned null. /templates/entity.java.vm[line 74, column 26]
2019-03-22 11:44:38,311 - Left side (${logicDeleteFieldName}) of '==' operation has null value. If it is a reference, it may not be in the context or its toString() returned null. /templates/entity.java.vm[line 78, column 30]
2019-03-22 11:44:38,311 - Left side (${versionFieldName}) of '==' operation has null value. If it is a reference, it may not be in the context or its toString() returned null. /templates/entity.java.vm[line 74, column 26]
2019-03-22 11:44:38,311 - Left side (${logicDeleteFieldName}) of '==' operation has null value. If it is a reference, it may not be in the context or its toString() returned null. /templates/entity.java.vm[line 78, column 30]
2019-03-22 11:44:38,311 - Left side (${versionFieldName}) of '==' operation has null value. If it is a reference, it may not be in the context or its toString() returned null. /templates/entity.java.vm[line 74, column 26]
2019-03-22 11:44:38,311 - Left side (${logicDeleteFieldName}) of '==' operation has null value. If it is a reference, it may not be in the context or its toString() returned null. /templates/entity.java.vm[line 78, column 30]
2019-03-22 11:44:38,311 - Left side (${versionFieldName}) of '==' operation has null value. If it is a reference, it may not be in the context or its toString() returned null. /templates/entity.java.vm[line 74, column 26]
2019-03-22 11:44:38,311 - Left side (${logicDeleteFieldName}) of '==' operation has null value. If it is a reference, it may not be in the context or its toString() returned null. /templates/entity.java.vm[line 78, column 30]
2019-03-22 11:44:38,311 - Left side (${versionFieldName}) of '==' operation has null value. If it is a reference, it may not be in the context or its toString() returned null. /templates/entity.java.vm[line 74, column 26]
2019-03-22 11:44:38,312 - Left side (${logicDeleteFieldName}) of '==' operation has null value. If it is a reference, it may not be in the context or its toString() returned null. /templates/entity.java.vm[line 78, column 30]
2019-03-22 11:44:38,312 - Left side (${versionFieldName}) of '==' operation has null value. If it is a reference, it may not be in the context or its toString() returned null. /templates/entity.java.vm[line 74, column 26]
2019-03-22 11:44:38,312 - Left side (${logicDeleteFieldName}) of '==' operation has null value. If it is a reference, it may not be in the context or its toString() returned null. /templates/entity.java.vm[line 78, column 30]
2019-03-22 11:44:38,312 - Left side (${versionFieldName}) of '==' operation has null value. If it is a reference, it may not be in the context or its toString() returned null. /templates/entity.java.vm[line 74, column 26]
2019-03-22 11:44:38,312 - Left side (${logicDeleteFieldName}) of '==' operation has null value. If it is a reference, it may not be in the context or its toString() returned null. /templates/entity.java.vm[line 78, column 30]
2019-03-22 11:44:38,312 - Left side (${versionFieldName}) of '==' operation has null value. If it is a reference, it may not be in the context or its toString() returned null. /templates/entity.java.vm[line 74, column 26]
2019-03-22 11:44:38,312 - Left side (${logicDeleteFieldName}) of '==' operation has null value. If it is a reference, it may not be in the context or its toString() returned null. /templates/entity.java.vm[line 78, column 30]
2019-03-22 11:44:38,319 - ResourceManager : found /templates/mapper.java.vm with loader org.apache.velocity.runtime.resource.loader.ClasspathResourceLoader
2019-03-22 11:44:38,320 - ResourceManager : found /templates/service.java.vm with loader org.apache.velocity.runtime.resource.loader.ClasspathResourceLoader
2019-03-22 11:44:38,322 - ResourceManager : found /templates/serviceImpl.java.vm with loader org.apache.velocity.runtime.resource.loader.ClasspathResourceLoader
2019-03-22 11:44:38,326 - ResourceManager : found /templates/controller.java.vm with loader org.apache.velocity.runtime.resource.loader.ClasspathResourceLoader
2019-03-22 11:57:27,191 - Log4JLogChute initialized using file 'velocity.log'
2019-03-22 11:57:27,191 - Initializing Velocity, Calling init()...
2019-03-22 11:57:27,192 - Starting Apache Velocity v1.7 (compiled: 2010-11-19 12:14:37)
2019-03-22 11:57:27,192 - Default Properties File: org\apache\velocity\runtime\defaults\velocity.properties
2019-03-22 11:57:27,192 - Trying to use logger class org.apache.velocity.runtime.log.AvalonLogChute
2019-03-22 11:57:27,192 - Target log system for org.apache.velocity.runtime.log.AvalonLogChute is not available (java.lang.NoClassDefFoundError: org/apache/log/format/Formatter).  Falling back to next log system...
2019-03-22 11:57:27,192 - Trying to use logger class org.apache.velocity.runtime.log.Log4JLogChute
2019-03-22 11:57:27,192 - Using logger class org.apache.velocity.runtime.log.Log4JLogChute
2019-03-22 11:57:27,194 - ResourceLoader instantiated: org.apache.velocity.runtime.resource.loader.ClasspathResourceLoader
2019-03-22 11:57:27,203 - ResourceCache: initialized (class org.apache.velocity.runtime.resource.ResourceCacheImpl) with class java.util.Collections$SynchronizedMap cache map.
2019-03-22 11:57:27,204 - Loaded System Directive: org.apache.velocity.runtime.directive.Stop
2019-03-22 11:57:27,205 - Loaded System Directive: org.apache.velocity.runtime.directive.Define
2019-03-22 11:57:27,205 - Loaded System Directive: org.apache.velocity.runtime.directive.Break
2019-03-22 11:57:27,206 - Loaded System Directive: org.apache.velocity.runtime.directive.Evaluate
2019-03-22 11:57:27,206 - Loaded System Directive: org.apache.velocity.runtime.directive.Literal
2019-03-22 11:57:27,207 - Loaded System Directive: org.apache.velocity.runtime.directive.Macro
2019-03-22 11:57:27,208 - Loaded System Directive: org.apache.velocity.runtime.directive.Parse
2019-03-22 11:57:27,209 - Loaded System Directive: org.apache.velocity.runtime.directive.Include
2019-03-22 11:57:27,209 - Loaded System Directive: org.apache.velocity.runtime.directive.Foreach
2019-03-22 11:57:27,232 - Created '20' parsers.
2019-03-22 11:57:27,236 - Velocimacro : "velocimacro.library" is not set.  Trying default library: VM_global_library.vm
2019-03-22 11:57:27,236 - Could not load resource 'VM_global_library.vm' from ResourceLoader org.apache.velocity.runtime.resource.loader.ClasspathResourceLoader: ClasspathResourceLoader Error: cannot find resource VM_global_library.vm
2019-03-22 11:57:27,236 - Velocimacro : Default library not found.
2019-03-22 11:57:27,236 - Velocimacro : allowInline = true : VMs can be defined inline in templates
2019-03-22 11:57:27,236 - Velocimacro : allowInlineToOverride = false : VMs defined inline may NOT replace previous VM definitions
2019-03-22 11:57:27,236 - Velocimacro : allowInlineLocal = false : VMs defined inline will be global in scope if allowed.
2019-03-22 11:57:27,236 - Velocimacro : autoload off : VM system will not automatically reload global library macros
2019-03-22 11:57:27,250 - ResourceManager : found /templates/mapper.xml.vm with loader org.apache.velocity.runtime.resource.loader.ClasspathResourceLoader
2019-03-22 11:57:27,274 - ResourceManager : found /templates/entity.java.vm with loader org.apache.velocity.runtime.resource.loader.ClasspathResourceLoader
2019-03-22 11:57:27,276 - Left side (${versionFieldName}) of '==' operation has null value. If it is a reference, it may not be in the context or its toString() returned null. /templates/entity.java.vm[line 74, column 26]
2019-03-22 11:57:27,276 - Left side (${logicDeleteFieldName}) of '==' operation has null value. If it is a reference, it may not be in the context or its toString() returned null. /templates/entity.java.vm[line 78, column 30]
2019-03-22 11:57:27,276 - Left side (${versionFieldName}) of '==' operation has null value. If it is a reference, it may not be in the context or its toString() returned null. /templates/entity.java.vm[line 74, column 26]
2019-03-22 11:57:27,276 - Left side (${logicDeleteFieldName}) of '==' operation has null value. If it is a reference, it may not be in the context or its toString() returned null. /templates/entity.java.vm[line 78, column 30]
2019-03-22 11:57:27,276 - Left side (${versionFieldName}) of '==' operation has null value. If it is a reference, it may not be in the context or its toString() returned null. /templates/entity.java.vm[line 74, column 26]
2019-03-22 11:57:27,277 - Left side (${logicDeleteFieldName}) of '==' operation has null value. If it is a reference, it may not be in the context or its toString() returned null. /templates/entity.java.vm[line 78, column 30]
2019-03-22 11:57:27,277 - Left side (${versionFieldName}) of '==' operation has null value. If it is a reference, it may not be in the context or its toString() returned null. /templates/entity.java.vm[line 74, column 26]
2019-03-22 11:57:27,277 - Left side (${logicDeleteFieldName}) of '==' operation has null value. If it is a reference, it may not be in the context or its toString() returned null. /templates/entity.java.vm[line 78, column 30]
2019-03-22 11:57:27,277 - Left side (${versionFieldName}) of '==' operation has null value. If it is a reference, it may not be in the context or its toString() returned null. /templates/entity.java.vm[line 74, column 26]
2019-03-22 11:57:27,277 - Left side (${logicDeleteFieldName}) of '==' operation has null value. If it is a reference, it may not be in the context or its toString() returned null. /templates/entity.java.vm[line 78, column 30]
2019-03-22 11:57:27,277 - Left side (${versionFieldName}) of '==' operation has null value. If it is a reference, it may not be in the context or its toString() returned null. /templates/entity.java.vm[line 74, column 26]
2019-03-22 11:57:27,277 - Left side (${logicDeleteFieldName}) of '==' operation has null value. If it is a reference, it may not be in the context or its toString() returned null. /templates/entity.java.vm[line 78, column 30]
2019-03-22 11:57:27,277 - Left side (${versionFieldName}) of '==' operation has null value. If it is a reference, it may not be in the context or its toString() returned null. /templates/entity.java.vm[line 74, column 26]
2019-03-22 11:57:27,277 - Left side (${logicDeleteFieldName}) of '==' operation has null value. If it is a reference, it may not be in the context or its toString() returned null. /templates/entity.java.vm[line 78, column 30]
2019-03-22 11:57:27,277 - Left side (${versionFieldName}) of '==' operation has null value. If it is a reference, it may not be in the context or its toString() returned null. /templates/entity.java.vm[line 74, column 26]
2019-03-22 11:57:27,277 - Left side (${logicDeleteFieldName}) of '==' operation has null value. If it is a reference, it may not be in the context or its toString() returned null. /templates/entity.java.vm[line 78, column 30]
2019-03-22 11:57:27,277 - Left side (${versionFieldName}) of '==' operation has null value. If it is a reference, it may not be in the context or its toString() returned null. /templates/entity.java.vm[line 74, column 26]
2019-03-22 11:57:27,278 - Left side (${logicDeleteFieldName}) of '==' operation has null value. If it is a reference, it may not be in the context or its toString() returned null. /templates/entity.java.vm[line 78, column 30]
2019-03-22 11:57:27,278 - Left side (${versionFieldName}) of '==' operation has null value. If it is a reference, it may not be in the context or its toString() returned null. /templates/entity.java.vm[line 74, column 26]
2019-03-22 11:57:27,278 - Left side (${logicDeleteFieldName}) of '==' operation has null value. If it is a reference, it may not be in the context or its toString() returned null. /templates/entity.java.vm[line 78, column 30]
2019-03-22 11:57:27,286 - ResourceManager : found /templates/mapper.java.vm with loader org.apache.velocity.runtime.resource.loader.ClasspathResourceLoader
2019-03-22 11:57:27,288 - ResourceManager : found /templates/service.java.vm with loader org.apache.velocity.runtime.resource.loader.ClasspathResourceLoader
2019-03-22 11:57:27,290 - ResourceManager : found /templates/serviceImpl.java.vm with loader org.apache.velocity.runtime.resource.loader.ClasspathResourceLoader
2019-03-22 11:57:27,292 - ResourceManager : found /templates/controller.java.vm with loader org.apache.velocity.runtime.resource.loader.ClasspathResourceLoader
2019-03-22 12:03:01,128 - Log4JLogChute initialized using file 'velocity.log'
2019-03-22 12:03:01,129 - Initializing Velocity, Calling init()...
2019-03-22 12:03:01,129 - Starting Apache Velocity v1.7 (compiled: 2010-11-19 12:14:37)
2019-03-22 12:03:01,129 - Default Properties File: org\apache\velocity\runtime\defaults\velocity.properties
2019-03-22 12:03:01,129 - Trying to use logger class org.apache.velocity.runtime.log.AvalonLogChute
2019-03-22 12:03:01,129 - Target log system for org.apache.velocity.runtime.log.AvalonLogChute is not available (java.lang.NoClassDefFoundError: org/apache/log/format/Formatter).  Falling back to next log system...
2019-03-22 12:03:01,129 - Trying to use logger class org.apache.velocity.runtime.log.Log4JLogChute
2019-03-22 12:03:01,129 - Using logger class org.apache.velocity.runtime.log.Log4JLogChute
2019-03-22 12:03:01,132 - ResourceLoader instantiated: org.apache.velocity.runtime.resource.loader.ClasspathResourceLoader
2019-03-22 12:03:01,144 - ResourceCache: initialized (class org.apache.velocity.runtime.resource.ResourceCacheImpl) with class java.util.Collections$SynchronizedMap cache map.
2019-03-22 12:03:01,145 - Loaded System Directive: org.apache.velocity.runtime.directive.Stop
2019-03-22 12:03:01,146 - Loaded System Directive: org.apache.velocity.runtime.directive.Define
2019-03-22 12:03:01,147 - Loaded System Directive: org.apache.velocity.runtime.directive.Break
2019-03-22 12:03:01,148 - Loaded System Directive: org.apache.velocity.runtime.directive.Evaluate
2019-03-22 12:03:01,148 - Loaded System Directive: org.apache.velocity.runtime.directive.Literal
2019-03-22 12:03:01,149 - Loaded System Directive: org.apache.velocity.runtime.directive.Macro
2019-03-22 12:03:01,152 - Loaded System Directive: org.apache.velocity.runtime.directive.Parse
2019-03-22 12:03:01,153 - Loaded System Directive: org.apache.velocity.runtime.directive.Include
2019-03-22 12:03:01,154 - Loaded System Directive: org.apache.velocity.runtime.directive.Foreach
2019-03-22 12:03:01,178 - Created '20' parsers.
2019-03-22 12:03:01,183 - Velocimacro : "velocimacro.library" is not set.  Trying default library: VM_global_library.vm
2019-03-22 12:03:01,184 - Could not load resource 'VM_global_library.vm' from ResourceLoader org.apache.velocity.runtime.resource.loader.ClasspathResourceLoader: ClasspathResourceLoader Error: cannot find resource VM_global_library.vm
2019-03-22 12:03:01,184 - Velocimacro : Default library not found.
2019-03-22 12:03:01,184 - Velocimacro : allowInline = true : VMs can be defined inline in templates
2019-03-22 12:03:01,184 - Velocimacro : allowInlineToOverride = false : VMs defined inline may NOT replace previous VM definitions
2019-03-22 12:03:01,184 - Velocimacro : allowInlineLocal = false : VMs defined inline will be global in scope if allowed.
2019-03-22 12:03:01,184 - Velocimacro : autoload off : VM system will not automatically reload global library macros
2019-03-22 12:03:01,198 - ResourceManager : found /templates/mapper.xml.vm with loader org.apache.velocity.runtime.resource.loader.ClasspathResourceLoader
2019-03-22 12:03:01,215 - ResourceManager : found /templates/entity.java.vm with loader org.apache.velocity.runtime.resource.loader.ClasspathResourceLoader
2019-03-22 12:03:01,216 - Left side (${versionFieldName}) of '==' operation has null value. If it is a reference, it may not be in the context or its toString() returned null. /templates/entity.java.vm[line 74, column 26]
2019-03-22 12:03:01,217 - Left side (${logicDeleteFieldName}) of '==' operation has null value. If it is a reference, it may not be in the context or its toString() returned null. /templates/entity.java.vm[line 78, column 30]
2019-03-22 12:03:01,217 - Left side (${versionFieldName}) of '==' operation has null value. If it is a reference, it may not be in the context or its toString() returned null. /templates/entity.java.vm[line 74, column 26]
2019-03-22 12:03:01,217 - Left side (${logicDeleteFieldName}) of '==' operation has null value. If it is a reference, it may not be in the context or its toString() returned null. /templates/entity.java.vm[line 78, column 30]
2019-03-22 12:03:01,218 - Left side (${versionFieldName}) of '==' operation has null value. If it is a reference, it may not be in the context or its toString() returned null. /templates/entity.java.vm[line 74, column 26]
2019-03-22 12:03:01,219 - Left side (${logicDeleteFieldName}) of '==' operation has null value. If it is a reference, it may not be in the context or its toString() returned null. /templates/entity.java.vm[line 78, column 30]
2019-03-22 12:03:01,219 - Left side (${versionFieldName}) of '==' operation has null value. If it is a reference, it may not be in the context or its toString() returned null. /templates/entity.java.vm[line 74, column 26]
2019-03-22 12:03:01,219 - Left side (${logicDeleteFieldName}) of '==' operation has null value. If it is a reference, it may not be in the context or its toString() returned null. /templates/entity.java.vm[line 78, column 30]
2019-03-22 12:03:01,219 - Left side (${versionFieldName}) of '==' operation has null value. If it is a reference, it may not be in the context or its toString() returned null. /templates/entity.java.vm[line 74, column 26]
2019-03-22 12:03:01,219 - Left side (${logicDeleteFieldName}) of '==' operation has null value. If it is a reference, it may not be in the context or its toString() returned null. /templates/entity.java.vm[line 78, column 30]
2019-03-22 12:03:01,227 - ResourceManager : found /templates/mapper.java.vm with loader org.apache.velocity.runtime.resource.loader.ClasspathResourceLoader
2019-03-22 12:03:01,229 - ResourceManager : found /templates/service.java.vm with loader org.apache.velocity.runtime.resource.loader.ClasspathResourceLoader
2019-03-22 12:03:01,231 - ResourceManager : found /templates/serviceImpl.java.vm with loader org.apache.velocity.runtime.resource.loader.ClasspathResourceLoader
2019-03-22 12:03:01,233 - ResourceManager : found /templates/controller.java.vm with loader org.apache.velocity.runtime.resource.loader.ClasspathResourceLoader
2019-03-22 14:13:53,157 - Log4JLogChute initialized using file 'velocity.log'
2019-03-22 14:13:53,157 - Initializing Velocity, Calling init()...
2019-03-22 14:13:53,157 - Starting Apache Velocity v1.7 (compiled: 2010-11-19 12:14:37)
2019-03-22 14:13:53,157 - Default Properties File: org\apache\velocity\runtime\defaults\velocity.properties
2019-03-22 14:13:53,157 - Trying to use logger class org.apache.velocity.runtime.log.AvalonLogChute
2019-03-22 14:13:53,158 - Target log system for org.apache.velocity.runtime.log.AvalonLogChute is not available (java.lang.NoClassDefFoundError: org/apache/log/format/Formatter).  Falling back to next log system...
2019-03-22 14:13:53,158 - Trying to use logger class org.apache.velocity.runtime.log.Log4JLogChute
2019-03-22 14:13:53,158 - Using logger class org.apache.velocity.runtime.log.Log4JLogChute
2019-03-22 14:13:53,160 - ResourceLoader instantiated: org.apache.velocity.runtime.resource.loader.ClasspathResourceLoader
2019-03-22 14:13:53,168 - ResourceCache: initialized (class org.apache.velocity.runtime.resource.ResourceCacheImpl) with class java.util.Collections$SynchronizedMap cache map.
2019-03-22 14:13:53,169 - Loaded System Directive: org.apache.velocity.runtime.directive.Stop
2019-03-22 14:13:53,170 - Loaded System Directive: org.apache.velocity.runtime.directive.Define
2019-03-22 14:13:53,171 - Loaded System Directive: org.apache.velocity.runtime.directive.Break
2019-03-22 14:13:53,171 - Loaded System Directive: org.apache.velocity.runtime.directive.Evaluate
2019-03-22 14:13:53,172 - Loaded System Directive: org.apache.velocity.runtime.directive.Literal
2019-03-22 14:13:53,172 - Loaded System Directive: org.apache.velocity.runtime.directive.Macro
2019-03-22 14:13:53,173 - Loaded System Directive: org.apache.velocity.runtime.directive.Parse
2019-03-22 14:13:53,174 - Loaded System Directive: org.apache.velocity.runtime.directive.Include
2019-03-22 14:13:53,175 - Loaded System Directive: org.apache.velocity.runtime.directive.Foreach
2019-03-22 14:13:53,195 - Created '20' parsers.
2019-03-22 14:13:53,199 - Velocimacro : "velocimacro.library" is not set.  Trying default library: VM_global_library.vm
2019-03-22 14:13:53,200 - Could not load resource 'VM_global_library.vm' from ResourceLoader org.apache.velocity.runtime.resource.loader.ClasspathResourceLoader: ClasspathResourceLoader Error: cannot find resource VM_global_library.vm
2019-03-22 14:13:53,200 - Velocimacro : Default library not found.
2019-03-22 14:13:53,200 - Velocimacro : allowInline = true : VMs can be defined inline in templates
2019-03-22 14:13:53,200 - Velocimacro : allowInlineToOverride = false : VMs defined inline may NOT replace previous VM definitions
2019-03-22 14:13:53,200 - Velocimacro : allowInlineLocal = false : VMs defined inline will be global in scope if allowed.
2019-03-22 14:13:53,200 - Velocimacro : autoload off : VM system will not automatically reload global library macros
2019-03-22 14:13:53,213 - ResourceManager : found /templates/mapper.xml.vm with loader org.apache.velocity.runtime.resource.loader.ClasspathResourceLoader
2019-03-22 14:13:53,238 - ResourceManager : found /templates/entity.java.vm with loader org.apache.velocity.runtime.resource.loader.ClasspathResourceLoader
2019-03-22 14:13:53,239 - Left side (${versionFieldName}) of '==' operation has null value. If it is a reference, it may not be in the context or its toString() returned null. /templates/entity.java.vm[line 74, column 26]
2019-03-22 14:13:53,240 - Left side (${logicDeleteFieldName}) of '==' operation has null value. If it is a reference, it may not be in the context or its toString() returned null. /templates/entity.java.vm[line 78, column 30]
2019-03-22 14:13:53,240 - Left side (${versionFieldName}) of '==' operation has null value. If it is a reference, it may not be in the context or its toString() returned null. /templates/entity.java.vm[line 74, column 26]
2019-03-22 14:13:53,240 - Left side (${logicDeleteFieldName}) of '==' operation has null value. If it is a reference, it may not be in the context or its toString() returned null. /templates/entity.java.vm[line 78, column 30]
2019-03-22 14:13:53,240 - Left side (${versionFieldName}) of '==' operation has null value. If it is a reference, it may not be in the context or its toString() returned null. /templates/entity.java.vm[line 74, column 26]
2019-03-22 14:13:53,240 - Left side (${logicDeleteFieldName}) of '==' operation has null value. If it is a reference, it may not be in the context or its toString() returned null. /templates/entity.java.vm[line 78, column 30]
2019-03-22 14:13:53,240 - Left side (${versionFieldName}) of '==' operation has null value. If it is a reference, it may not be in the context or its toString() returned null. /templates/entity.java.vm[line 74, column 26]
2019-03-22 14:13:53,240 - Left side (${logicDeleteFieldName}) of '==' operation has null value. If it is a reference, it may not be in the context or its toString() returned null. /templates/entity.java.vm[line 78, column 30]
2019-03-22 14:13:53,240 - Left side (${versionFieldName}) of '==' operation has null value. If it is a reference, it may not be in the context or its toString() returned null. /templates/entity.java.vm[line 74, column 26]
2019-03-22 14:13:53,240 - Left side (${logicDeleteFieldName}) of '==' operation has null value. If it is a reference, it may not be in the context or its toString() returned null. /templates/entity.java.vm[line 78, column 30]
2019-03-22 14:13:53,241 - Left side (${versionFieldName}) of '==' operation has null value. If it is a reference, it may not be in the context or its toString() returned null. /templates/entity.java.vm[line 74, column 26]
2019-03-22 14:13:53,241 - Left side (${logicDeleteFieldName}) of '==' operation has null value. If it is a reference, it may not be in the context or its toString() returned null. /templates/entity.java.vm[line 78, column 30]
2019-03-22 14:13:53,241 - Left side (${versionFieldName}) of '==' operation has null value. If it is a reference, it may not be in the context or its toString() returned null. /templates/entity.java.vm[line 74, column 26]
2019-03-22 14:13:53,241 - Left side (${logicDeleteFieldName}) of '==' operation has null value. If it is a reference, it may not be in the context or its toString() returned null. /templates/entity.java.vm[line 78, column 30]
2019-03-22 14:13:53,241 - Left side (${versionFieldName}) of '==' operation has null value. If it is a reference, it may not be in the context or its toString() returned null. /templates/entity.java.vm[line 74, column 26]
2019-03-22 14:13:53,241 - Left side (${logicDeleteFieldName}) of '==' operation has null value. If it is a reference, it may not be in the context or its toString() returned null. /templates/entity.java.vm[line 78, column 30]
2019-03-22 14:13:53,241 - Left side (${versionFieldName}) of '==' operation has null value. If it is a reference, it may not be in the context or its toString() returned null. /templates/entity.java.vm[line 74, column 26]
2019-03-22 14:13:53,241 - Left side (${logicDeleteFieldName}) of '==' operation has null value. If it is a reference, it may not be in the context or its toString() returned null. /templates/entity.java.vm[line 78, column 30]
2019-03-22 14:13:53,241 - Left side (${versionFieldName}) of '==' operation has null value. If it is a reference, it may not be in the context or its toString() returned null. /templates/entity.java.vm[line 74, column 26]
2019-03-22 14:13:53,241 - Left side (${logicDeleteFieldName}) of '==' operation has null value. If it is a reference, it may not be in the context or its toString() returned null. /templates/entity.java.vm[line 78, column 30]
2019-03-22 14:13:53,242 - ResourceManager : found /templates/mapper.java.vm with loader org.apache.velocity.runtime.resource.loader.ClasspathResourceLoader
2019-03-22 14:13:53,244 - ResourceManager : found /templates/service.java.vm with loader org.apache.velocity.runtime.resource.loader.ClasspathResourceLoader
2019-03-22 14:13:53,246 - ResourceManager : found /templates/serviceImpl.java.vm with loader org.apache.velocity.runtime.resource.loader.ClasspathResourceLoader
2019-03-22 14:13:53,248 - ResourceManager : found /templates/controller.java.vm with loader org.apache.velocity.runtime.resource.loader.ClasspathResourceLoader
2019-03-22 14:42:36,747 - Log4JLogChute initialized using file 'velocity.log'
2019-03-22 14:42:36,747 - Initializing Velocity, Calling init()...
2019-03-22 14:42:36,747 - Starting Apache Velocity v1.7 (compiled: 2010-11-19 12:14:37)
2019-03-22 14:42:36,747 - Default Properties File: org\apache\velocity\runtime\defaults\velocity.properties
2019-03-22 14:42:36,747 - Trying to use logger class org.apache.velocity.runtime.log.AvalonLogChute
2019-03-22 14:42:36,747 - Target log system for org.apache.velocity.runtime.log.AvalonLogChute is not available (java.lang.NoClassDefFoundError: org/apache/log/format/Formatter).  Falling back to next log system...
2019-03-22 14:42:36,747 - Trying to use logger class org.apache.velocity.runtime.log.Log4JLogChute
2019-03-22 14:42:36,747 - Using logger class org.apache.velocity.runtime.log.Log4JLogChute
2019-03-22 14:42:36,750 - ResourceLoader instantiated: org.apache.velocity.runtime.resource.loader.ClasspathResourceLoader
2019-03-22 14:42:36,766 - ResourceCache: initialized (class org.apache.velocity.runtime.resource.ResourceCacheImpl) with class java.util.Collections$SynchronizedMap cache map.
2019-03-22 14:42:36,767 - Loaded System Directive: org.apache.velocity.runtime.directive.Stop
2019-03-22 14:42:36,767 - Loaded System Directive: org.apache.velocity.runtime.directive.Define
2019-03-22 14:42:36,768 - Loaded System Directive: org.apache.velocity.runtime.directive.Break
2019-03-22 14:42:36,768 - Loaded System Directive: org.apache.velocity.runtime.directive.Evaluate
2019-03-22 14:42:36,769 - Loaded System Directive: org.apache.velocity.runtime.directive.Literal
2019-03-22 14:42:36,770 - Loaded System Directive: org.apache.velocity.runtime.directive.Macro
2019-03-22 14:42:36,771 - Loaded System Directive: org.apache.velocity.runtime.directive.Parse
2019-03-22 14:42:36,772 - Loaded System Directive: org.apache.velocity.runtime.directive.Include
2019-03-22 14:42:36,773 - Loaded System Directive: org.apache.velocity.runtime.directive.Foreach
2019-03-22 14:42:36,799 - Created '20' parsers.
2019-03-22 14:42:36,803 - Velocimacro : "velocimacro.library" is not set.  Trying default library: VM_global_library.vm
2019-03-22 14:42:36,804 - Could not load resource 'VM_global_library.vm' from ResourceLoader org.apache.velocity.runtime.resource.loader.ClasspathResourceLoader: ClasspathResourceLoader Error: cannot find resource VM_global_library.vm
2019-03-22 14:42:36,804 - Velocimacro : Default library not found.
2019-03-22 14:42:36,804 - Velocimacro : allowInline = true : VMs can be defined inline in templates
2019-03-22 14:42:36,804 - Velocimacro : allowInlineToOverride = false : VMs defined inline may NOT replace previous VM definitions
2019-03-22 14:42:36,804 - Velocimacro : allowInlineLocal = false : VMs defined inline will be global in scope if allowed.
2019-03-22 14:42:36,804 - Velocimacro : autoload off : VM system will not automatically reload global library macros
2019-03-22 14:42:36,820 - ResourceManager : found /templates/mapper.xml.vm with loader org.apache.velocity.runtime.resource.loader.ClasspathResourceLoader
2019-03-22 14:42:36,855 - ResourceManager : found /templates/entity.java.vm with loader org.apache.velocity.runtime.resource.loader.ClasspathResourceLoader
2019-03-22 14:42:36,857 - Left side (${versionFieldName}) of '==' operation has null value. If it is a reference, it may not be in the context or its toString() returned null. /templates/entity.java.vm[line 74, column 26]
2019-03-22 14:42:36,857 - Left side (${logicDeleteFieldName}) of '==' operation has null value. If it is a reference, it may not be in the context or its toString() returned null. /templates/entity.java.vm[line 78, column 30]
2019-03-22 14:42:36,857 - Left side (${versionFieldName}) of '==' operation has null value. If it is a reference, it may not be in the context or its toString() returned null. /templates/entity.java.vm[line 74, column 26]
2019-03-22 14:42:36,857 - Left side (${logicDeleteFieldName}) of '==' operation has null value. If it is a reference, it may not be in the context or its toString() returned null. /templates/entity.java.vm[line 78, column 30]
2019-03-22 14:42:36,857 - Left side (${versionFieldName}) of '==' operation has null value. If it is a reference, it may not be in the context or its toString() returned null. /templates/entity.java.vm[line 74, column 26]
2019-03-22 14:42:36,857 - Left side (${logicDeleteFieldName}) of '==' operation has null value. If it is a reference, it may not be in the context or its toString() returned null. /templates/entity.java.vm[line 78, column 30]
2019-03-22 14:42:36,857 - Left side (${versionFieldName}) of '==' operation has null value. If it is a reference, it may not be in the context or its toString() returned null. /templates/entity.java.vm[line 74, column 26]
2019-03-22 14:42:36,857 - Left side (${logicDeleteFieldName}) of '==' operation has null value. If it is a reference, it may not be in the context or its toString() returned null. /templates/entity.java.vm[line 78, column 30]
2019-03-22 14:42:36,857 - Left side (${versionFieldName}) of '==' operation has null value. If it is a reference, it may not be in the context or its toString() returned null. /templates/entity.java.vm[line 74, column 26]
2019-03-22 14:42:36,858 - Left side (${logicDeleteFieldName}) of '==' operation has null value. If it is a reference, it may not be in the context or its toString() returned null. /templates/entity.java.vm[line 78, column 30]
2019-03-22 14:42:36,858 - Left side (${versionFieldName}) of '==' operation has null value. If it is a reference, it may not be in the context or its toString() returned null. /templates/entity.java.vm[line 74, column 26]
2019-03-22 14:42:36,858 - Left side (${logicDeleteFieldName}) of '==' operation has null value. If it is a reference, it may not be in the context or its toString() returned null. /templates/entity.java.vm[line 78, column 30]
2019-03-22 14:42:36,858 - Left side (${versionFieldName}) of '==' operation has null value. If it is a reference, it may not be in the context or its toString() returned null. /templates/entity.java.vm[line 74, column 26]
2019-03-22 14:42:36,858 - Left side (${logicDeleteFieldName}) of '==' operation has null value. If it is a reference, it may not be in the context or its toString() returned null. /templates/entity.java.vm[line 78, column 30]
2019-03-22 14:42:36,858 - Left side (${versionFieldName}) of '==' operation has null value. If it is a reference, it may not be in the context or its toString() returned null. /templates/entity.java.vm[line 74, column 26]
2019-03-22 14:42:36,858 - Left side (${logicDeleteFieldName}) of '==' operation has null value. If it is a reference, it may not be in the context or its toString() returned null. /templates/entity.java.vm[line 78, column 30]
2019-03-22 14:42:36,858 - Left side (${versionFieldName}) of '==' operation has null value. If it is a reference, it may not be in the context or its toString() returned null. /templates/entity.java.vm[line 74, column 26]
2019-03-22 14:42:36,858 - Left side (${logicDeleteFieldName}) of '==' operation has null value. If it is a reference, it may not be in the context or its toString() returned null. /templates/entity.java.vm[line 78, column 30]
2019-03-22 14:42:36,858 - Left side (${versionFieldName}) of '==' operation has null value. If it is a reference, it may not be in the context or its toString() returned null. /templates/entity.java.vm[line 74, column 26]
2019-03-22 14:42:36,858 - Left side (${logicDeleteFieldName}) of '==' operation has null value. If it is a reference, it may not be in the context or its toString() returned null. /templates/entity.java.vm[line 78, column 30]
2019-03-22 14:42:36,860 - ResourceManager : found /templates/mapper.java.vm with loader org.apache.velocity.runtime.resource.loader.ClasspathResourceLoader
2019-03-22 14:42:36,861 - ResourceManager : found /templates/service.java.vm with loader org.apache.velocity.runtime.resource.loader.ClasspathResourceLoader
2019-03-22 14:42:36,864 - ResourceManager : found /templates/serviceImpl.java.vm with loader org.apache.velocity.runtime.resource.loader.ClasspathResourceLoader
2019-03-22 14:42:36,866 - ResourceManager : found /templates/controller.java.vm with loader org.apache.velocity.runtime.resource.loader.ClasspathResourceLoader
